<?xml version="1.0" encoding="UTF-8"?>
<!-- Generated by org.testng.reporters.JUnitReportReporter -->
<testsuite hostname="LAPTOP-8T3CCL6G" failures="0" tests="2" name="Test01_Get" time="9.127" errors="0" timestamp="2022-11-29T23:24:00 MST" skipped="0">
  <testcase classname="Test01_Get" name="test_02" time="3.255"/>
  <system-out/>
  <testcase classname="Test01_Get" name="test_01" time="5.872"/>
  <system-out/>
</testsuite> <!-- Test01_Get -->
