<?xml version="1.0" encoding="UTF-8"?>
<!-- Generated by org.testng.reporters.JUnitReportReporter -->
<testsuite hostname="LAPTOP-8T3CCL6G" failures="0" tests="1" name="TestONLocalAPI" time="4.910" errors="0" timestamp="2022-12-07T23:16:40 MST" skipped="0">
  <testcase classname="TestONLocalAPI" name="delete" time="4.910"/>
  <system-out/>
</testsuite> <!-- TestONLocalAPI -->
