<?xml version="1.0" encoding="UTF-8"?>
<!-- Generated by org.testng.reporters.JUnitReportReporter -->
<testsuite hostname="LAPTOP-8T3CCL6G" failures="0" tests="1" name="Tests_Post" time="7.548" errors="0" timestamp="2022-12-01T08:13:16 MST" skipped="0">
  <testcase classname="Tests_Post" name="test_1_post" time="7.548"/>
  <system-out/>
</testsuite> <!-- Tests_Post -->
