<?xml version="1.0" encoding="UTF-8"?>
<!-- Generated by org.testng.reporters.JUnitReportReporter -->
<testsuite hostname="LAPTOP-8T3CCL6G" failures="0" tests="3" name="PutPatchDeleteExamples" time="5.024" errors="0" timestamp="2022-12-01T08:49:13 MST" skipped="0">
  <testcase classname="PutPatchDeleteExamples" name="test_1_delete" time="3.898"/>
  <system-out/>
  <testcase classname="PutPatchDeleteExamples" name="test_1_patch" time="0.635"/>
  <system-out/>
  <testcase classname="PutPatchDeleteExamples" name="test_1_put" time="0.491"/>
  <system-out/>
</testsuite> <!-- PutPatchDeleteExamples -->
